npm verb cli C:\Program Files\nodejs\node.exe C:\Users\w.santos\AppData\Roaming\npm\node_modules\npm\bin\npm-cli.js
npm info using npm@9.6.7
npm info using node@v18.12.1
npm verb title npm install
npm verb argv "install" "--legacy-peer-deps" "--loglevel" "verbose"
npm verb logfile logs-max:10 dir:C:\Users\w.santos\AppData\Local\npm-cache\_logs\2024-08-13T22_20_43_543Z-
npm verb logfile C:\Users\w.santos\AppData\Local\npm-cache\_logs\2024-08-13T22_20_43_543Z-debug-0.log
npm http fetch GET 200 https://registry.npmjs.org/@faker-js%2ffaker 570ms (cache revalidated)
npm http fetch GET 200 https://registry.npmjs.org/cypress-mochawesome-reporter 133ms (cache revalidated)
npm http fetch GET 200 https://registry.npmjs.org/browserstack-cypress-cli 705ms (cache revalidated)
npm http fetch GET 200 https://registry.npmjs.org/cypress 109ms (cache revalidated)
npm http fetch GET 200 https://registry.npmjs.org/async 187ms (cache revalidated)
npm http fetch GET 200 https://registry.npmjs.org/mkdirp 283ms (cache revalidated)
npm http fetch GET 200 https://registry.npmjs.org/chalk 341ms (cache revalidated)
npm http fetch GET 200 https://registry.npmjs.org/archiver 344ms (cache revalidated)
npm http fetch GET 200 https://registry.npmjs.org/uuid 350ms (cache revalidated)
npm http fetch GET 200 https://registry.npmjs.org/fs-extra 356ms (cache revalidated)
npm http fetch GET 200 https://registry.npmjs.org/glob 355ms (cache revalidated)
npm http fetch GET 200 https://registry.npmjs.org/table 362ms (cache revalidated)
npm http fetch GET 200 https://registry.npmjs.org/request 368ms (cache revalidated)
npm http fetch GET 200 https://registry.npmjs.org/mocha 384ms (cache revalidated)
npm http fetch GET 200 https://registry.npmjs.org/gitconfiglocal 411ms (cache revalidated)
npm http fetch GET 200 https://registry.npmjs.org/yargs 415ms (cache revalidated)
npm http fetch GET 200 https://registry.npmjs.org/update-notifier 423ms (cache revalidated)
npm http fetch GET 200 https://registry.npmjs.org/decompress 452ms (cache revalidated)
npm http fetch GET 200 https://registry.npmjs.org/tmp 456ms (cache revalidated)
npm http fetch GET 200 https://registry.npmjs.org/windows-release 462ms (cache revalidated)
npm http fetch GET 200 https://registry.npmjs.org/requestretry 465ms (cache revalidated)
npm http fetch GET 200 https://registry.npmjs.org/winston 467ms (cache revalidated)
npm http fetch GET 200 https://registry.npmjs.org/dayjs 474ms (cache revalidated)
npm http fetch GET 200 https://registry.npmjs.org/chalk 508ms (cache revalidated)
npm http fetch GET 200 https://registry.npmjs.org/arch 509ms (cache revalidated)
npm http fetch GET 200 https://registry.npmjs.org/debug 511ms (cache revalidated)
npm http fetch GET 200 https://registry.npmjs.org/lodash 530ms (cache revalidated)
npm http fetch GET 200 https://registry.npmjs.org/is-ci 548ms (cache revalidated)
npm http fetch GET 200 https://registry.npmjs.org/yauzl 547ms (cache revalidated)
npm http fetch GET 200 https://registry.npmjs.org/buffer 551ms (cache revalidated)
npm http fetch GET 200 https://registry.npmjs.org/listr2 565ms (cache revalidated)
npm http fetch GET 200 https://registry.npmjs.org/execa 595ms (cache revalidated)
npm http fetch GET 200 https://registry.npmjs.org/ospath 592ms (cache revalidated)
npm http fetch GET 200 https://registry.npmjs.org/process 598ms (cache revalidated)
npm http fetch GET 200 https://registry.npmjs.org/getos 632ms (cache revalidated)
npm http fetch GET 200 https://registry.npmjs.org/cachedir 628ms (cache revalidated)
npm http fetch GET 200 https://registry.npmjs.org/figures 630ms (cache revalidated)
npm http fetch GET 200 https://registry.npmjs.org/semver 650ms (cache revalidated)
npm http fetch GET 200 https://registry.npmjs.org/enquirer 648ms (cache revalidated)
npm http fetch GET 200 https://registry.npmjs.org/fs-extra 649ms (cache revalidated)
npm http fetch GET 200 https://registry.npmjs.org/blob-util 673ms (cache revalidated)
npm http fetch GET 200 https://registry.npmjs.org/lazy-ass 676ms (cache revalidated)
npm http fetch GET 200 https://registry.npmjs.org/cli-cursor 702ms (cache revalidated)
npm http fetch GET 200 https://registry.npmjs.org/untildify 711ms (cache revalidated)
npm http fetch GET 200 https://registry.npmjs.org/commander 715ms (cache revalidated)
npm http fetch GET 200 https://registry.npmjs.org/cli-table3 744ms (cache revalidated)
npm http fetch GET 200 https://registry.npmjs.org/common-tags 745ms (cache revalidated)
npm http fetch GET 200 https://registry.npmjs.org/bluebird 772ms (cache revalidated)
npm http fetch GET 200 https://registry.npmjs.org/log-symbols 766ms (cache revalidated)
npm http fetch GET 200 https://registry.npmjs.org/minimist 812ms (cache revalidated)
npm http fetch GET 200 https://registry.npmjs.org/pretty-bytes 814ms (cache revalidated)
npm http fetch GET 200 https://registry.npmjs.org/supports-color 832ms (cache revalidated)
npm http fetch GET 200 https://registry.npmjs.org/extract-zip 846ms (cache revalidated)
npm http fetch GET 200 https://registry.npmjs.org/proxy-from-env 845ms (cache revalidated)
npm http fetch GET 200 https://registry.npmjs.org/fs-extra 859ms (cache revalidated)
npm http fetch GET 200 https://registry.npmjs.org/browserstack-local 898ms (cache revalidated)
npm http fetch GET 200 https://registry.npmjs.org/git-last-commit 920ms (cache revalidated)
npm http fetch GET 200 https://registry.npmjs.org/request-progress 898ms (cache revalidated)
npm http fetch GET 200 https://registry.npmjs.org/git-repo-info 940ms (cache revalidated)
npm http fetch GET 200 https://registry.npmjs.org/is-installed-globally 911ms (cache revalidated)
npm http fetch GET 200 https://registry.npmjs.org/getmac 951ms (cache revalidated)
npm http fetch GET 200 https://registry.npmjs.org/eventemitter2 942ms (cache revalidated)
npm http fetch GET 200 https://registry.npmjs.org/cli-progress 970ms (cache revalidated)
npm http fetch GET 200 https://registry.npmjs.org/commander 958ms (cache revalidated)
npm http fetch GET 200 https://registry.npmjs.org/@types%2fsinonjs__fake-timers 988ms (cache revalidated)
npm http fetch GET 200 https://registry.npmjs.org/node-ipc 1044ms (cache revalidated)
npm http fetch GET 200 https://registry.npmjs.org/@cypress%2fxvfb 1101ms (cache revalidated)
npm http fetch GET 200 https://registry.npmjs.org/executable 1331ms (cache revalidated)
npm http fetch GET 200 https://registry.npmjs.org/@types%2fsizzle 1414ms (cache revalidated)
npm http fetch GET 200 https://registry.npmjs.org/check-more-types 1504ms (cache revalidated)
npm http fetch GET 200 https://registry.npmjs.org/mochawesome-report-generator 1562ms (cache revalidated)
npm http fetch GET 200 https://registry.npmjs.org/mochawesome 1673ms (cache revalidated)
npm http fetch GET 200 https://registry.npmjs.org/mochawesome-merge 1682ms (cache revalidated)
npm http fetch GET 200 https://registry.npmjs.org/@cypress%2frequest 1715ms (cache revalidated)
npm http fetch GET 200 https://registry.npmjs.org/readdir-glob 254ms (cache revalidated)
npm http fetch GET 200 https://registry.npmjs.org/https-proxy-agent 255ms (cache revalidated)
npm http fetch GET 200 https://registry.npmjs.org/readable-stream 262ms (cache revalidated)
npm http fetch GET 200 https://registry.npmjs.org/archiver-utils 265ms (cache revalidated)
npm http fetch GET 200 https://registry.npmjs.org/string-width 261ms (cache revalidated)
npm http fetch GET 200 https://registry.npmjs.org/zip-stream 269ms (cache revalidated)
npm http fetch GET 200 https://registry.npmjs.org/agent-base 267ms (cache revalidated)
npm http fetch GET 200 https://registry.npmjs.org/ansi-styles 268ms (cache revalidated)
npm http fetch GET 200 https://registry.npmjs.org/buffer-crc32 275ms (cache revalidated)
npm http fetch GET 200 https://registry.npmjs.org/decompress-tarbz2 268ms (cache revalidated)
npm http fetch GET 200 https://registry.npmjs.org/pify 267ms (cache revalidated)
npm http fetch GET 200 https://registry.npmjs.org/tar-stream 277ms (cache revalidated)
npm http fetch GET 200 https://registry.npmjs.org/decompress-tar 342ms (cache revalidated)
npm http fetch GET 200 https://registry.npmjs.org/decompress-targz 344ms (cache revalidated)
npm http fetch GET 200 https://registry.npmjs.org/jsonfile 340ms (cache revalidated)
npm http fetch GET 200 https://registry.npmjs.org/graceful-fs 343ms (cache revalidated)
npm http fetch GET 200 https://registry.npmjs.org/make-dir 346ms (cache revalidated)
npm http fetch GET 200 https://registry.npmjs.org/graceful-fs 348ms (cache revalidated)
npm http fetch GET 200 https://registry.npmjs.org/universalify 347ms (cache revalidated)
npm http fetch GET 200 https://registry.npmjs.org/decompress-unzip 356ms (cache revalidated)
npm http fetch GET 200 https://registry.npmjs.org/strip-dirs 355ms (cache revalidated)
npm http fetch GET 200 https://registry.npmjs.org/ini 351ms (cache revalidated)
npm http fetch GET 200 https://registry.npmjs.org/inflight 351ms (cache revalidated)
npm http fetch GET 200 https://registry.npmjs.org/@types%2fnode 359ms (cache revalidated)
npm http fetch GET 200 https://registry.npmjs.org/once 412ms (cache revalidated)
npm http fetch GET 200 https://registry.npmjs.org/ansi-colors 411ms (cache revalidated)
npm http fetch GET 200 https://registry.npmjs.org/inherits 415ms (cache revalidated)
npm http fetch GET 200 https://registry.npmjs.org/path-is-absolute 414ms (cache revalidated)
npm http fetch GET 200 https://registry.npmjs.org/fs.realpath 423ms (cache revalidated)
npm http fetch GET 200 https://registry.npmjs.org/minimatch 424ms (cache revalidated)
npm http fetch GET 200 https://registry.npmjs.org/escape-string-regexp 428ms (cache revalidated)
npm http fetch GET 200 https://registry.npmjs.org/find-up 432ms (cache revalidated)
npm http fetch GET 200 https://registry.npmjs.org/minimatch 437ms (cache revalidated)
npm http fetch GET 200 https://registry.npmjs.org/chokidar 436ms (cache revalidated)
npm http fetch GET 200 https://registry.npmjs.org/js-yaml 440ms (cache revalidated)
npm http fetch GET 200 https://registry.npmjs.org/browser-stdout 477ms (cache revalidated)
npm http fetch GET 200 https://registry.npmjs.org/he 507ms (cache revalidated)
npm http fetch GET 200 https://registry.npmjs.org/diff 509ms (cache revalidated)
npm http fetch GET 200 https://registry.npmjs.org/yargs-parser 507ms (cache revalidated)
npm http fetch GET 200 https://registry.npmjs.org/strip-json-comments 515ms (cache revalidated)
npm http fetch GET 200 https://registry.npmjs.org/ms 517ms (cache revalidated)
npm http fetch GET 200 https://registry.npmjs.org/serialize-javascript 517ms (cache revalidated)
npm http fetch GET 200 https://registry.npmjs.org/isstream 508ms (cache revalidated)
npm http fetch GET 200 https://registry.npmjs.org/yargs-unparser 517ms (cache revalidated)
npm http fetch GET 200 https://registry.npmjs.org/event-pubsub 531ms (cache revalidated)
npm http fetch GET 200 https://registry.npmjs.org/js-message 534ms (cache revalidated)
npm http fetch GET 200 https://registry.npmjs.org/aws4 566ms (cache revalidated)
npm http fetch GET 200 https://registry.npmjs.org/workerpool 582ms (cache revalidated)
npm http fetch GET 200 https://registry.npmjs.org/qs 584ms (cache revalidated)
npm http fetch GET 200 https://registry.npmjs.org/aws-sign2 579ms (cache revalidated)
npm http fetch GET 200 https://registry.npmjs.org/caseless 591ms (cache revalidated)
npm http fetch GET 200 https://registry.npmjs.org/form-data 595ms (cache revalidated)
npm http fetch GET 200 https://registry.npmjs.org/tough-cookie 594ms (cache revalidated)
npm http fetch GET 200 https://registry.npmjs.org/oauth-sign 607ms (cache revalidated)
npm http fetch GET 200 https://registry.npmjs.org/extend 611ms (cache revalidated)
npm http fetch GET 200 https://registry.npmjs.org/mime-types 616ms (cache revalidated)
npm http fetch GET 200 https://registry.npmjs.org/safe-buffer 616ms (cache revalidated)
npm http fetch GET 200 https://registry.npmjs.org/forever-agent 641ms (cache revalidated)
npm http fetch GET 200 https://registry.npmjs.org/http-signature 663ms (cache revalidated)
npm http fetch GET 200 https://registry.npmjs.org/har-validator 673ms (cache revalidated)
npm http fetch GET 200 https://registry.npmjs.org/tunnel-agent 681ms (cache revalidated)
npm http fetch GET 200 https://registry.npmjs.org/combined-stream 681ms (cache revalidated)
npm http fetch GET 200 https://registry.npmjs.org/extend 680ms (cache revalidated)
npm http fetch GET 200 https://registry.npmjs.org/is-typedarray 693ms (cache revalidated)
npm http fetch GET 200 https://registry.npmjs.org/slice-ansi 699ms (cache revalidated)
npm http fetch GET 200 https://registry.npmjs.org/performance-now 703ms (cache revalidated)
npm http fetch GET 200 https://registry.npmjs.org/string-width 702ms (cache revalidated)
npm http fetch GET 200 https://registry.npmjs.org/json-stringify-safe 716ms (cache revalidated)
npm http fetch GET 200 https://registry.npmjs.org/boxen 747ms (cache revalidated)
npm http fetch GET 200 https://registry.npmjs.org/ajv 769ms (cache revalidated)
npm http fetch GET 200 https://registry.npmjs.org/pupa 775ms (cache revalidated)
npm http fetch GET 200 https://registry.npmjs.org/import-lazy 777ms (cache revalidated)
npm http fetch GET 200 https://registry.npmjs.org/semver-diff 789ms (cache revalidated)
npm http fetch GET 200 https://registry.npmjs.org/xdg-basedir 791ms (cache revalidated)
npm http fetch GET 200 https://registry.npmjs.org/configstore 795ms (cache revalidated)
npm http fetch GET 200 https://registry.npmjs.org/cycle 798ms (cache revalidated)
npm http fetch GET 200 https://registry.npmjs.org/eyes 830ms (cache revalidated)
npm http fetch GET 200 https://registry.npmjs.org/is-npm 846ms (cache revalidated)
npm http fetch GET 200 https://registry.npmjs.org/latest-version 848ms (cache revalidated)
npm http fetch GET 200 https://registry.npmjs.org/temp-fs 922ms (cache revalidated)
npm http fetch GET 200 https://registry.npmjs.org/stack-trace 872ms (cache revalidated)
npm http fetch GET 200 https://registry.npmjs.org/isstream 873ms (cache revalidated)
npm http fetch GET 200 https://registry.npmjs.org/is-running 926ms (cache revalidated)
npm http fetch GET 200 https://registry.npmjs.org/cliui 872ms (cache revalidated)
npm http fetch GET 200 https://registry.npmjs.org/yargs-parser 874ms (cache revalidated)
npm http fetch GET 200 https://registry.npmjs.org/ps-tree 932ms (cache revalidated)
npm http fetch GET 200 https://registry.npmjs.org/decamelize 884ms (cache revalidated)
npm http fetch GET 200 https://registry.npmjs.org/y18n 889ms (cache revalidated)
npm http fetch GET 200 https://registry.npmjs.org/colors 906ms (cache revalidated)
npm http fetch GET 200 https://registry.npmjs.org/get-caller-file 923ms (cache revalidated)
npm http fetch GET 200 https://registry.npmjs.org/which-module 927ms (cache revalidated)
npm http fetch GET 200 https://registry.npmjs.org/set-blocking 929ms (cache revalidated)
npm http fetch GET 200 https://registry.npmjs.org/require-directory 948ms (cache revalidated)
npm http fetch GET 200 https://registry.npmjs.org/require-main-filename 950ms (cache revalidated)
npm http fetch GET 200 https://registry.npmjs.org/find-up 954ms (cache revalidated)
npm http fetch GET 200 https://registry.npmjs.org/js-queue 1073ms (cache revalidated)
npm http fetch GET 200 https://registry.npmjs.org/is-in-ci 1377ms (cache revalidated)
npm http fetch GET 200 https://registry.npmjs.org/string_decoder 123ms (cache revalidated)
npm http fetch GET 200 https://registry.npmjs.org/lodash.union 128ms (cache revalidated)
npm http fetch GET 200 https://registry.npmjs.org/lazystream 132ms (cache revalidated)
npm http fetch GET 200 https://registry.npmjs.org/lodash.isplainobject 131ms (cache revalidated)
npm http fetch GET 200 https://registry.npmjs.org/compress-commons 125ms (cache revalidated)
npm http fetch GET 200 https://registry.npmjs.org/fs-constants 126ms (cache revalidated)
npm http fetch GET 200 https://registry.npmjs.org/normalize-path 132ms (cache revalidated)
npm http fetch GET 200 https://registry.npmjs.org/end-of-stream 127ms (cache revalidated)
npm http fetch GET 200 https://registry.npmjs.org/lodash.flatten 137ms (cache revalidated)
npm http fetch GET 200 https://registry.npmjs.org/util-deprecate 133ms (cache revalidated)
npm http fetch GET 200 https://registry.npmjs.org/bl 132ms (cache revalidated)
npm http fetch GET 200 https://registry.npmjs.org/lodash.difference 139ms (cache revalidated)
npm http fetch GET 200 https://registry.npmjs.org/lodash.defaults 162ms (cache revalidated)
npm http fetch GET 200 https://registry.npmjs.org/core-util-is 114ms (cache revalidated)
npm http fetch GET 200 https://registry.npmjs.org/isarray 116ms (cache revalidated)
npm http fetch GET 200 https://registry.npmjs.org/process-nextick-args 117ms (cache revalidated)
npm http fetch GET 200 https://registry.npmjs.org/rimraf 104ms (cache revalidated)
npm http fetch GET 200 https://registry.npmjs.org/event-stream 140ms (cache revalidated)
npm http fetch GET 200 https://registry.npmjs.org/color-convert 112ms (cache revalidated)
npm http fetch GET 200 https://registry.npmjs.org/has-flag 111ms (cache revalidated)
npm http fetch GET 200 https://registry.npmjs.org/color-name 111ms (cache revalidated)
npm http fetch GET 200 https://registry.npmjs.org/strip-ansi 110ms (cache revalidated)
npm http fetch GET 200 https://registry.npmjs.org/emoji-regex 116ms (cache revalidated)
npm http fetch GET 200 https://registry.npmjs.org/is-fullwidth-code-point 120ms (cache revalidated)
npm http fetch GET 200 https://registry.npmjs.org/cross-spawn 154ms (cache revalidated)
npm http fetch GET 200 https://registry.npmjs.org/get-stream 152ms (cache revalidated)
npm http fetch GET 200 https://registry.npmjs.org/ieee754 164ms (cache revalidated)
npm http fetch GET 200 https://registry.npmjs.org/get-stream 157ms (cache revalidated)
npm http fetch GET 200 https://registry.npmjs.org/onetime 157ms (cache revalidated)
npm http fetch GET 200 https://registry.npmjs.org/signal-exit 157ms (cache revalidated)
npm http fetch GET 200 https://registry.npmjs.org/npm-run-path 157ms (cache revalidated)
npm http fetch GET 200 https://registry.npmjs.org/restore-cursor 166ms (cache revalidated)
npm http fetch GET 200 https://registry.npmjs.org/strip-final-newline 158ms (cache revalidated)
npm http fetch GET 200 https://registry.npmjs.org/is-stream 162ms (cache revalidated)
npm http fetch GET 200 https://registry.npmjs.org/human-signals 162ms (cache revalidated)
npm http fetch GET 200 https://registry.npmjs.org/merge-stream 163ms (cache revalidated)
npm http fetch GET 200 https://registry.npmjs.org/lodash.once 176ms (cache revalidated)
npm http fetch GET 200 https://registry.npmjs.org/base64-js 176ms (cache revalidated)
npm http fetch GET 200 https://registry.npmjs.org/ci-info 230ms (cache revalidated)
npm http fetch GET 200 https://registry.npmjs.org/p-map 234ms (cache revalidated)
npm http fetch GET 200 https://registry.npmjs.org/at-least-node 239ms (cache revalidated)
npm http fetch GET 200 https://registry.npmjs.org/is-path-inside 237ms (cache revalidated)
npm http fetch GET 200 https://registry.npmjs.org/rfdc 237ms (cache revalidated)
npm http fetch GET 200 https://registry.npmjs.org/through 239ms (cache revalidated)
npm http fetch GET 200 https://registry.npmjs.org/wrap-ansi 238ms (cache revalidated)
npm http fetch GET 200 https://registry.npmjs.org/@types%2fyauzl 246ms (cache revalidated)
npm http fetch GET 200 https://registry.npmjs.org/log-update 241ms (cache revalidated)
npm http fetch GET 200 https://registry.npmjs.org/colorette 243ms (cache revalidated)
npm http fetch GET 200 https://registry.npmjs.org/rxjs 246ms (cache revalidated)
npm http fetch GET 200 https://registry.npmjs.org/is-unicode-supported 262ms (cache revalidated)
npm http fetch GET 200 https://registry.npmjs.org/cli-truncate 289ms (cache revalidated)
npm http fetch GET 200 https://registry.npmjs.org/fd-slicer 317ms (cache revalidated)
npm http fetch GET 200 https://registry.npmjs.org/throttleit 340ms (cache revalidated)
npm http fetch GET 200 https://registry.npmjs.org/@colors%2fcolors 372ms (cache revalidated)
npm http fetch GET 200 https://registry.npmjs.org/global-dirs 809ms (cache revalidated)
npm http fetch GET 200 https://registry.npmjs.org/side-channel 190ms (cache revalidated)
npm http fetch GET 200 https://registry.npmjs.org/delayed-stream 197ms (cache revalidated)
npm http fetch GET 200 https://registry.npmjs.org/url-parse 190ms (cache revalidated)
npm http fetch GET 200 https://registry.npmjs.org/jsprim 198ms (cache revalidated)
npm http fetch GET 200 https://registry.npmjs.org/psl 195ms (cache revalidated)
npm http fetch GET 200 https://registry.npmjs.org/assert-plus 209ms (cache revalidated)
npm http fetch GET 200 https://registry.npmjs.org/punycode 204ms (cache revalidated)
npm http fetch GET 200 https://registry.npmjs.org/asynckit 211ms (cache revalidated)
npm http fetch GET 200 https://registry.npmjs.org/sshpk 226ms (cache revalidated)
npm http fetch GET 200 https://registry.npmjs.org/mime-db 260ms (cache revalidated)
npm http fetch GET 200 https://registry.npmjs.org/escape-html 123ms (cache revalidated)
npm http fetch GET 200 https://registry.npmjs.org/dateformat 125ms (cache revalidated)
npm http fetch GET 200 https://registry.npmjs.org/lodash.isfunction 131ms (cache revalidated)
npm http fetch GET 200 https://registry.npmjs.org/validator 122ms (cache revalidated)
npm http fetch GET 200 https://registry.npmjs.org/prop-types 127ms (cache revalidated)
npm http fetch GET 200 https://registry.npmjs.org/lodash.isobject 138ms (cache revalidated)
npm http fetch GET 200 https://registry.npmjs.org/lodash.isstring 139ms (cache revalidated)
npm http fetch GET 200 https://registry.npmjs.org/lodash.isempty 156ms (cache revalidated)
npm http fetch GET 200 https://registry.npmjs.org/opener 192ms (cache revalidated)
npm http fetch GET 200 https://registry.npmjs.org/fsu 685ms (cache revalidated)
npm http fetch GET 200 https://registry.npmjs.org/tcomb-validation 790ms (cache revalidated)
npm http fetch GET 200 https://registry.npmjs.org/tcomb 798ms (cache revalidated)
npm http fetch GET 200 https://registry.npmjs.org/unbzip2-stream 108ms (cache revalidated)
npm http fetch GET 200 https://registry.npmjs.org/is-natural-number 105ms (cache revalidated)
npm http fetch GET 200 https://registry.npmjs.org/file-type 112ms (cache revalidated)
npm http fetch GET 200 https://registry.npmjs.org/seek-bzip 114ms (cache revalidated)
npm http fetch GET 200 https://registry.npmjs.org/file-type 113ms (cache revalidated)
npm http fetch GET 200 https://registry.npmjs.org/file-type 117ms (cache revalidated)
npm http fetch GET 200 https://registry.npmjs.org/xtend 107ms (cache revalidated)
npm http fetch GET 200 https://registry.npmjs.org/buffer-alloc 113ms (cache revalidated)
npm http fetch GET 200 https://registry.npmjs.org/to-buffer 113ms (cache revalidated)
npm http fetch GET 200 https://registry.npmjs.org/object-assign 106ms (cache revalidated)
npm http fetch GET 200 https://registry.npmjs.org/pinkie-promise 114ms (cache revalidated)
npm http fetch GET 200 https://registry.npmjs.org/ansi-regex 110ms (cache revalidated)
npm http fetch GET 200 https://registry.npmjs.org/shebang-command 116ms (cache revalidated)
npm http fetch GET 200 https://registry.npmjs.org/path-key 116ms (cache revalidated)
npm http fetch GET 200 https://registry.npmjs.org/path-key 113ms (cache revalidated)
npm http fetch GET 200 https://registry.npmjs.org/which 117ms (cache revalidated)
npm http fetch GET 200 https://registry.npmjs.org/pump 117ms (cache revalidated)
npm http fetch GET 200 https://registry.npmjs.org/mimic-fn 117ms (cache revalidated)
npm http fetch GET 200 https://registry.npmjs.org/shebang-regex 110ms (cache revalidated)
npm http fetch GET 200 https://registry.npmjs.org/isexe 112ms (cache revalidated)
npm http fetch GET 200 https://registry.npmjs.org/undici-types 111ms (cache revalidated)
npm http fetch GET 200 https://registry.npmjs.org/pinkie 118ms (cache revalidated)
npm http fetch GET 200 https://registry.npmjs.org/brace-expansion 108ms (cache revalidated)
npm http fetch GET 200 https://registry.npmjs.org/wrappy 110ms (cache revalidated)
npm http fetch GET 200 https://registry.npmjs.org/safer-buffer 117ms (cache revalidated)
npm http fetch GET 200 https://registry.npmjs.org/json-schema 121ms (cache revalidated)
npm http fetch GET 200 https://registry.npmjs.org/asn1 120ms (cache revalidated)
npm http fetch GET 200 https://registry.npmjs.org/bcrypt-pbkdf 119ms (cache revalidated)
npm http fetch GET 200 https://registry.npmjs.org/ecc-jsbn 119ms (cache revalidated)
npm http fetch GET 200 https://registry.npmjs.org/getpass 122ms (cache revalidated)
npm http fetch GET 200 https://registry.npmjs.org/dashdash 123ms (cache revalidated)
npm http fetch GET 200 https://registry.npmjs.org/verror 125ms (cache revalidated)
npm http fetch GET 200 https://registry.npmjs.org/jsbn 127ms (cache revalidated)
npm http fetch GET 200 https://registry.npmjs.org/extsprintf 132ms (cache revalidated)
npm http fetch GET 200 https://registry.npmjs.org/tweetnacl 183ms (cache revalidated)
npm http fetch GET 200 https://registry.npmjs.org/tslib 102ms (cache revalidated)
npm http fetch GET 200 https://registry.npmjs.org/aggregate-error 108ms (cache revalidated)
npm http fetch GET 200 https://registry.npmjs.org/ansi-escapes 115ms (cache revalidated)
npm http fetch GET 200 https://registry.npmjs.org/astral-regex 107ms (cache revalidated)
npm http fetch GET 200 https://registry.npmjs.org/type-fest 120ms (cache revalidated)
npm http fetch GET 200 https://registry.npmjs.org/balanced-match 110ms (cache revalidated)
npm http fetch GET 200 https://registry.npmjs.org/concat-map 111ms (cache revalidated)
npm http fetch GET 200 https://registry.npmjs.org/braces 132ms (cache revalidated)
npm http fetch GET 200 https://registry.npmjs.org/readdirp 139ms (cache revalidated)
npm http fetch GET 200 https://registry.npmjs.org/argparse 136ms (cache revalidated)
npm http fetch GET 200 https://registry.npmjs.org/glob-parent 141ms (cache revalidated)
npm http fetch GET 200 https://registry.npmjs.org/locate-path 139ms (cache revalidated)
npm http fetch GET 200 https://registry.npmjs.org/escalade 133ms (cache revalidated)
npm http fetch GET 200 https://registry.npmjs.org/is-glob 142ms (cache revalidated)
npm http fetch GET 200 https://registry.npmjs.org/path-exists 140ms (cache revalidated)
npm http fetch GET 200 https://registry.npmjs.org/anymatch 144ms (cache revalidated)
npm http fetch GET 200 https://registry.npmjs.org/randombytes 137ms (cache revalidated)
npm http fetch GET 200 https://registry.npmjs.org/is-binary-path 144ms (cache revalidated)
npm http fetch GET 200 https://registry.npmjs.org/fsevents 143ms (cache revalidated)
npm http fetch GET 200 https://registry.npmjs.org/flat 138ms (cache revalidated)
npm http fetch GET 200 https://registry.npmjs.org/is-plain-obj 138ms (cache revalidated)
npm http fetch GET 200 https://registry.npmjs.org/camelcase 139ms (cache revalidated)
npm http fetch GET 200 https://registry.npmjs.org/fill-range 112ms (cache revalidated)
npm http fetch GET 200 https://registry.npmjs.org/picomatch 114ms (cache revalidated)
npm http fetch GET 200 https://registry.npmjs.org/picomatch 110ms (cache revalidated)
npm http fetch GET 200 https://registry.npmjs.org/is-extglob 112ms (cache revalidated)
npm http fetch GET 200 https://registry.npmjs.org/binary-extensions 112ms (cache revalidated)
npm http fetch GET 200 https://registry.npmjs.org/to-regex-range 116ms (cache revalidated)
npm http fetch GET 200 https://registry.npmjs.org/is-number 118ms (cache revalidated)
npm http fetch GET 200 https://registry.npmjs.org/p-locate 109ms (cache revalidated)
npm http fetch GET 200 https://registry.npmjs.org/p-limit 106ms (cache revalidated)
npm http fetch GET 200 https://registry.npmjs.org/react-is 115ms (cache revalidated)
npm http fetch GET 200 https://registry.npmjs.org/loose-envify 133ms (cache revalidated)
npm http fetch GET 200 https://registry.npmjs.org/easy-stack 128ms (cache revalidated)
npm http fetch GET 200 https://registry.npmjs.org/yocto-queue 100ms (cache revalidated)
npm http fetch GET 200 https://registry.npmjs.org/clean-stack 102ms (cache revalidated)
npm http fetch GET 200 https://registry.npmjs.org/indent-string 106ms (cache revalidated)
npm http fetch GET 200 https://registry.npmjs.org/js-tokens 111ms (cache revalidated)
npm http fetch GET 200 https://registry.npmjs.org/from 115ms (cache revalidated)
npm http fetch GET 200 https://registry.npmjs.org/split 121ms (cache revalidated)
npm http fetch GET 200 https://registry.npmjs.org/duplexer 126ms (cache revalidated)
npm http fetch GET 200 https://registry.npmjs.org/pause-stream 125ms (cache revalidated)
npm http fetch GET 200 https://registry.npmjs.org/map-stream 130ms (cache revalidated)
npm http fetch GET 200 https://registry.npmjs.org/stream-combiner 166ms (cache revalidated)
npm http fetch GET 200 https://registry.npmjs.org/call-bind 103ms (cache revalidated)
npm http fetch GET 200 https://registry.npmjs.org/es-errors 105ms (cache revalidated)
npm http fetch GET 200 https://registry.npmjs.org/object-inspect 113ms (cache revalidated)
npm http fetch GET 200 https://registry.npmjs.org/get-intrinsic 125ms (cache revalidated)
npm http fetch GET 200 https://registry.npmjs.org/har-schema 107ms (cache revalidated)
npm http fetch GET 200 https://registry.npmjs.org/uri-js 111ms (cache revalidated)
npm http fetch GET 200 https://registry.npmjs.org/json-schema-traverse 111ms (cache revalidated)
npm http fetch GET 200 https://registry.npmjs.org/fast-deep-equal 112ms (cache revalidated)
npm http fetch GET 200 https://registry.npmjs.org/fast-json-stable-stringify 116ms (cache revalidated)
npm http fetch GET 200 https://registry.npmjs.org/set-function-length 104ms (cache revalidated)
npm http fetch GET 200 https://registry.npmjs.org/es-define-property 106ms (cache revalidated)
npm http fetch GET 200 https://registry.npmjs.org/has-symbols 109ms (cache revalidated)
npm http fetch GET 200 https://registry.npmjs.org/hasown 110ms (cache revalidated)
npm http fetch GET 200 https://registry.npmjs.org/has-proto 111ms (cache revalidated)
npm http fetch GET 200 https://registry.npmjs.org/function-bind 128ms (cache revalidated)
npm http fetch GET 200 https://registry.npmjs.org/define-data-property 107ms (cache revalidated)
npm http fetch GET 200 https://registry.npmjs.org/gopd 107ms (cache revalidated)
npm http fetch GET 200 https://registry.npmjs.org/has-property-descriptors 112ms (cache revalidated)
npm http fetch GET 200 https://registry.npmjs.org/requires-port 99ms (cache revalidated)
npm http fetch GET 200 https://registry.npmjs.org/querystringify 112ms (cache revalidated)
npm http fetch GET 200 https://registry.npmjs.org/ansi-align 115ms (cache revalidated)
npm http fetch GET 200 https://registry.npmjs.org/dot-prop 114ms (cache revalidated)
npm http fetch GET 200 https://registry.npmjs.org/write-file-atomic 119ms (cache revalidated)
npm http fetch GET 200 https://registry.npmjs.org/unique-string 119ms (cache revalidated)
npm http fetch GET 200 https://registry.npmjs.org/widest-line 128ms (cache revalidated)
npm http fetch GET 200 https://registry.npmjs.org/cli-boxes 130ms (cache revalidated)
npm http fetch GET 200 https://registry.npmjs.org/escape-goat 147ms (cache revalidated)
npm http fetch GET 200 https://registry.npmjs.org/package-json 185ms (cache revalidated)
npm http fetch GET 200 https://registry.npmjs.org/eastasianwidth 121ms (cache revalidated)
npm http fetch GET 200 https://registry.npmjs.org/imurmurhash 113ms (cache revalidated)
npm http fetch GET 200 https://registry.npmjs.org/typedarray-to-buffer 113ms (cache revalidated)
npm http fetch GET 200 https://registry.npmjs.org/is-obj 119ms (cache revalidated)
npm http fetch GET 200 https://registry.npmjs.org/crypto-random-string 176ms (cache revalidated)
npm http fetch GET 200 https://registry.npmjs.org/got 107ms (cache revalidated)
npm http fetch GET 200 https://registry.npmjs.org/registry-auth-token 112ms (cache revalidated)
npm http fetch GET 200 https://registry.npmjs.org/registry-url 116ms (cache revalidated)
npm http fetch GET 200 https://registry.npmjs.org/http2-wrapper 119ms (cache revalidated)
npm http fetch GET 200 https://registry.npmjs.org/cacheable-request 119ms (cache revalidated)
npm http fetch GET 200 https://registry.npmjs.org/p-cancelable 123ms (cache revalidated)
npm http fetch GET 200 https://registry.npmjs.org/lowercase-keys 123ms (cache revalidated)
npm http fetch GET 200 https://registry.npmjs.org/cacheable-lookup 123ms (cache revalidated)
npm http fetch GET 200 https://registry.npmjs.org/responselike 126ms (cache revalidated)
npm http fetch GET 200 https://registry.npmjs.org/decompress-response 126ms (cache revalidated)
npm http fetch GET 200 https://registry.npmjs.org/form-data-encoder 126ms (cache revalidated)
npm http fetch GET 200 https://registry.npmjs.org/@sindresorhus%2fis 148ms (cache revalidated)
npm http fetch GET 200 https://registry.npmjs.org/@pnpm%2fnpm-conf 152ms (cache revalidated)
npm http fetch GET 200 https://registry.npmjs.org/@szmarczak%2fhttp-timer 157ms (cache revalidated)
npm http fetch GET 200 https://registry.npmjs.org/rc 163ms (cache revalidated)
npm http fetch GET 200 https://registry.npmjs.org/http-cache-semantics 143ms (cache revalidated)
npm http fetch GET 200 https://registry.npmjs.org/mimic-response 144ms (cache revalidated)
npm http fetch GET 200 https://registry.npmjs.org/defer-to-connect 149ms (cache revalidated)
npm http fetch GET 200 https://registry.npmjs.org/normalize-url 148ms (cache revalidated)
npm http fetch GET 200 https://registry.npmjs.org/mimic-response 151ms (cache revalidated)
npm http fetch GET 200 https://registry.npmjs.org/quick-lru 145ms (cache revalidated)
npm http fetch GET 200 https://registry.npmjs.org/keyv 152ms (cache revalidated)
npm http fetch GET 200 https://registry.npmjs.org/@types%2fhttp-cache-semantics 165ms (cache revalidated)
npm http fetch GET 200 https://registry.npmjs.org/resolve-alpn 158ms (cache revalidated)
npm http fetch GET 200 https://registry.npmjs.org/json-buffer 110ms (cache revalidated)
npm http fetch GET 200 https://registry.npmjs.org/config-chain 117ms (cache revalidated)
npm http fetch GET 200 https://registry.npmjs.org/@pnpm%2fconfig.env-replace 137ms (cache revalidated)
npm http fetch GET 200 https://registry.npmjs.org/@pnpm%2fnetwork.ca-file 141ms (cache revalidated)
npm http fetch GET 200 https://registry.npmjs.org/proto-list 116ms (cache revalidated)
npm http fetch GET 200 https://registry.npmjs.org/deep-extend 119ms (cache revalidated)
npm http fetch GET 200 https://registry.npmjs.org/pend 105ms (cache revalidated)
npm http fetch GET 200 https://registry.npmjs.org/crc32-stream 108ms (cache revalidated)
npm http fetch GET 200 https://registry.npmjs.org/crc-32 108ms (cache revalidated)
npm http fetch GET 200 https://registry.npmjs.org/buffer-fill 129ms (cache revalidated)
npm http fetch GET 200 https://registry.npmjs.org/buffer-alloc-unsafe 130ms (cache revalidated)
npm http fetch GET 200 https://registry.npmjs.org/p-try 126ms (cache revalidated)
npm verb reify failed optional dependency C:\Users\w.santos\Documents\4.pos_automação\Web\pgats-automacao-web\tmpBstackPackages\node_modules\fsevents
npm http fetch POST 200 https://registry.npmjs.org/-/npm/v1/security/advisories/bulk 847ms
npm WARN deprecated inflight@1.0.6: This module is not supported, and leaks memory. Do not use it. Check out lru-cache if you want a good and tested way to coalesce async requests by a key value, which is much more comprehensive and powerful.
npm WARN deprecated rimraf@2.5.4: Rimraf versions prior to v4 are no longer supported
npm WARN deprecated har-validator@5.1.5: this library is no longer supported
npm WARN deprecated glob@7.2.3: Glob versions prior to v9 are no longer supported
npm WARN deprecated glob@8.1.0: Glob versions prior to v9 are no longer supported
npm WARN deprecated uuid@3.4.0: Please upgrade  to version 7 or higher.  Older versions may use Math.random() in certain circumstances, which is known to be problematic.  See https://v8.dev/blog/math-random for details.
npm WARN deprecated request@2.88.2: request has been deprecated, see https://github.com/request/request/issues/3142
npm info run cypress@13.13.2 postinstall node_modules/cypress node index.js --exec install
npm info run cypress@13.13.2 postinstall { code: 0, signal: null }

added 501 packages, and audited 502 packages in 39s

96 packages are looking for funding
  run `npm fund` for details

3 moderate severity vulnerabilities

To address all issues (including breaking changes), run:
  npm audit fix --force

Run `npm audit` for details.
npm verb exit 0
npm info ok 
